number,value,datetime_start,datetime_complete,duration,params_C,params_min_rule_purity,params_min_rule_support,user_attrs_rule_coverage,state
0,,2026-01-17 00:54:51.124549,2026-01-17 00:54:51.180694,0 days 00:00:00.056145,1.865000706655453,0.9,40,,FAIL
1,,2026-01-17 00:55:06.741644,2026-01-17 00:55:06.789244,0 days 00:00:00.047600,1.2955751479101358,0.93,20,,FAIL
2,0.7199678453016031,2026-01-17 00:55:31.684523,2026-01-17 01:03:12.991875,0 days 00:07:41.307352,1.1315528950465592,0.93,40,0.1689375,COMPLETE
3,0.720972448900483,2026-01-17 01:03:13.022703,2026-01-17 01:09:49.146374,0 days 00:06:36.123671,0.6146165325747928,0.93,20,0.1873125,COMPLETE
4,0.7199277303757075,2026-01-17 01:09:49.179129,2026-01-17 01:16:27.098282,0 days 00:06:37.919153,0.588283848886016,0.9,40,0.178375,COMPLETE
5,0.7170233438668312,2026-01-17 01:16:27.125283,2026-01-17 01:23:52.164575,0 days 00:07:25.039292,1.6618342257928216,0.9,20,0.201625,COMPLETE
6,0.7194196055496888,2026-01-17 01:23:52.184308,2026-01-17 01:31:37.006261,0 days 00:07:44.821953,1.5272223634029745,0.93,20,0.1873125,COMPLETE
7,0.7187985468030238,2026-01-17 01:31:37.027922,2026-01-17 01:37:09.305738,0 days 00:05:32.277816,0.5030540038020125,0.9,40,0.178375,COMPLETE
8,0.7194325214627421,2026-01-17 01:37:09.328285,2026-01-17 01:44:31.326016,0 days 00:07:21.997731,1.0832131265234666,0.9,20,0.201625,COMPLETE
9,0.7209380314082907,2026-01-17 01:44:31.351380,2026-01-17 01:51:14.130412,0 days 00:06:42.779032,0.7018068878374689,0.93,20,0.1873125,COMPLETE
10,0.7180887511305024,2026-01-17 01:51:14.157465,2026-01-17 01:59:20.628536,0 days 00:08:06.471071,1.4239994387717971,0.9,20,0.201625,COMPLETE
11,0.7208058550152389,2026-01-17 01:59:20.651594,2026-01-17 02:05:10.366905,0 days 00:05:49.715311,0.6544627373404501,0.93,20,0.1873125,COMPLETE
12,0.7209280751125113,2026-01-17 02:05:10.389031,2026-01-17 02:11:00.191794,0 days 00:05:49.802763,0.8430712871147761,0.95,30,0.1615625,COMPLETE
13,0.7209487755244847,2026-01-17 02:11:00.215393,2026-01-17 02:17:17.478581,0 days 00:06:17.263188,0.7757753805243813,0.93,30,0.1775,COMPLETE
14,0.7208712934837649,2026-01-17 02:17:17.501017,2026-01-17 02:24:04.543152,0 days 00:06:47.042135,0.8573814082582999,0.93,30,0.1775,COMPLETE
15,0.7209179778112105,2026-01-17 02:24:04.569184,2026-01-17 02:30:34.450648,0 days 00:06:29.881464,0.7864832589081053,0.95,30,0.1615625,COMPLETE
16,0.7195954447568936,2026-01-17 02:30:34.477178,2026-01-17 02:36:50.915572,0 days 00:06:16.438394,0.5271062088382769,0.93,30,0.1775,COMPLETE
17,0.7212946383532836,2026-01-17 02:36:50.939297,2026-01-17 02:43:06.368817,0 days 00:06:15.429520,0.6537546720881433,0.93,30,0.1775,COMPLETE
18,0.7210271386676632,2026-01-17 02:43:06.391343,2026-01-17 02:49:03.431263,0 days 00:05:57.039920,0.6500057866441109,0.93,30,0.1775,COMPLETE
19,0.7180719114243717,2026-01-17 02:49:03.452937,2026-01-17 02:57:03.520595,0 days 00:08:00.067658,1.9655609077747578,0.95,30,0.1615625,COMPLETE
20,0.7220136312451597,2026-01-17 02:57:03.545989,2026-01-17 03:04:09.693612,0 days 00:07:06.147623,0.9654966943081449,0.93,30,0.1775,COMPLETE
21,0.7216327770355401,2026-01-17 03:04:09.717763,2026-01-17 03:10:58.433313,0 days 00:06:48.715550,0.9888799997482035,0.93,30,0.1775,COMPLETE
22,0.719183843456544,2026-01-17 03:10:58.454828,2026-01-17 03:18:11.105549,0 days 00:07:12.650721,1.2774351064365246,0.95,30,0.1615625,COMPLETE
23,0.7219730415415861,2026-01-17 03:18:11.129707,2026-01-17 03:24:54.672631,0 days 00:06:43.542924,0.9671302729529175,0.93,30,0.1775,COMPLETE
24,0.7211560952707711,2026-01-17 03:24:54.696203,2026-01-17 03:31:50.393261,0 days 00:06:55.697058,0.9950302843436768,0.93,30,0.1775,COMPLETE
25,0.7215452798393651,2026-01-17 03:31:50.416133,2026-01-17 03:38:47.640985,0 days 00:06:57.224852,0.9339377268865919,0.93,30,0.1775,COMPLETE
26,0.7195019627568593,2026-01-17 03:38:47.666421,2026-01-17 03:45:36.114375,0 days 00:06:48.447954,1.1640511243039287,0.93,30,0.1775,COMPLETE
27,0.721310120342283,2026-01-17 03:45:36.140896,2026-01-17 03:52:03.830118,0 days 00:06:27.689222,0.9308409884169005,0.93,30,0.1775,COMPLETE
28,0.7190565685278886,2026-01-17 03:52:03.852740,2026-01-17 03:59:46.564153,0 days 00:07:42.711413,1.2650804742862214,0.93,40,0.1689375,COMPLETE
29,0.7208230924422566,2026-01-17 03:59:46.587652,2026-01-17 04:06:56.112314,0 days 00:07:09.524662,1.0519066020469665,0.93,30,0.1775,COMPLETE
30,0.721897328093102,2026-01-17 04:06:56.134295,2026-01-17 04:13:51.492779,0 days 00:06:55.358484,0.9517197981208957,0.95,30,0.1615625,COMPLETE
31,0.7194409789361657,2026-01-17 04:13:51.516840,2026-01-17 04:20:40.046905,0 days 00:06:48.530065,1.1573844616471056,0.95,40,0.1564375,COMPLETE
32,0.7210247576403226,2026-01-17 04:20:40.071541,2026-01-17 04:27:20.154378,0 days 00:06:40.082837,0.8730848055307062,0.95,30,0.1615625,COMPLETE
33,0.7214211523026907,2026-01-17 04:27:20.177985,2026-01-17 04:33:32.200322,0 days 00:06:12.022337,0.9840888370808412,0.95,30,0.1615625,COMPLETE
34,0.7211653607915579,2026-01-17 04:33:32.224016,2026-01-17 04:39:45.716259,0 days 00:06:13.492243,0.7947214391895729,0.95,30,0.1615625,COMPLETE
35,0.719490366590629,2026-01-17 04:39:45.737010,2026-01-17 04:46:15.324084,0 days 00:06:29.587074,1.2271900126585202,0.93,30,0.1775,COMPLETE
36,0.7212589389643557,2026-01-17 04:46:15.347486,2026-01-17 04:52:17.921301,0 days 00:06:02.573815,0.9289346979315951,0.93,40,0.1689375,COMPLETE
37,0.7201400685506639,2026-01-17 04:52:17.942416,2026-01-17 04:58:12.878878,0 days 00:05:54.936462,0.7398649750805447,0.9,30,0.1888125,COMPLETE
38,0.7204822977959668,2026-01-17 04:58:12.898784,2026-01-17 05:04:48.585526,0 days 00:06:35.686742,1.037180510321724,0.93,30,0.1775,COMPLETE
39,0.7192580216313884,2026-01-17 05:04:48.605993,2026-01-17 05:11:43.970374,0 days 00:06:55.364381,1.4353815910141339,0.95,40,0.1564375,COMPLETE
40,0.7191617591915852,2026-01-17 05:11:43.992765,2026-01-17 05:18:06.884165,0 days 00:06:22.891400,1.1364826998038793,0.9,30,0.1888125,COMPLETE
41,0.7205468568905866,2026-01-17 05:18:06.903677,2026-01-17 05:23:59.079253,0 days 00:05:52.175576,0.9129591894505559,0.93,20,0.1873125,COMPLETE
42,0.7194405151891277,2026-01-17 05:23:59.101950,2026-01-17 05:31:01.215599,0 days 00:07:02.113649,1.3533127051069207,0.93,30,0.1775,COMPLETE
43,0.721187362629703,2026-01-17 05:31:01.234527,2026-01-17 05:37:13.462136,0 days 00:06:12.227609,0.9962321807892365,0.93,30,0.1775,COMPLETE
44,0.7195477420688984,2026-01-17 05:37:13.484255,2026-01-17 05:43:31.878427,0 days 00:06:18.394172,1.0877141256210539,0.93,30,0.1775,COMPLETE
45,0.721858264439037,2026-01-17 05:43:31.898664,2026-01-17 05:49:56.389090,0 days 00:06:24.490426,0.9510839718791123,0.93,30,0.1775,COMPLETE
46,0.7199286099712309,2026-01-17 05:49:56.409199,2026-01-17 05:55:37.363816,0 days 00:05:40.954617,0.8555388686530155,0.9,20,0.201625,COMPLETE
47,0.7212559385375705,2026-01-17 05:55:37.384538,2026-01-17 06:01:19.219817,0 days 00:05:41.835279,0.7288996771586055,0.93,30,0.1775,COMPLETE
48,0.7208680524993041,2026-01-17 06:01:19.241004,2026-01-17 06:07:06.417436,0 days 00:05:47.176432,0.8139681605439888,0.93,30,0.1775,COMPLETE
49,0.720761356280488,2026-01-17 06:07:06.440609,2026-01-17 06:13:26.236473,0 days 00:06:19.795864,1.0722059068488519,0.93,30,0.1775,COMPLETE
50,0.7209208301108696,2026-01-17 06:13:26.258247,2026-01-17 06:19:54.726041,0 days 00:06:28.467794,0.8863420824321976,0.95,20,0.17175,COMPLETE
51,0.7207835448128376,2026-01-17 06:19:54.747952,2026-01-17 06:26:04.791035,0 days 00:06:10.043083,0.976511672354978,0.9,30,0.1888125,COMPLETE
